[debug] [2025-02-04T20:55:37.704Z] [Firebase Plugin] Activating Firebase extension.
[info] [Firebase Plugin] Starting Data Connect toolkit on port 50001
[info] i  dataconnect: downloading dataconnect-emulator-1.7.7.exe... {"metadata":{"emulator":{"name":"dataconnect"},"message":"downloading dataconnect-emulator-1.7.7.exe..."}}
[debug] [2025-02-04T20:55:43.353Z] >>> [apiv2][query] GET https://storage.googleapis.com/firemat-preview-drop/emulator/dataconnect-emulator-windows-v1.7.7 
[debug] [2025-02-04T20:55:44.026Z] <<< [apiv2][status] GET https://storage.googleapis.com/firemat-preview-drop/emulator/dataconnect-emulator-windows-v1.7.7 200
[debug] [2025-02-04T20:55:44.027Z] <<< [apiv2][body] GET https://storage.googleapis.com/firemat-preview-drop/emulator/dataconnect-emulator-windows-v1.7.7 [stream]
[info] i  dataconnect: Removing outdated emulator files: dataconnect-emulator-1.7.5.exe {"metadata":{"emulator":{"name":"dataconnect"},"message":"Removing outdated emulator files: dataconnect-emulator-1.7.5.exe"}}
[debug] [2025-02-04T20:55:45.826Z] 'fdc build' failed with error: Unable to build your Data Connect schema and connectors (exit code 1): E0204 14:55:45.822027   24740 cmd.go:43] Error loading data connect config: could not find dataconnect.yaml in `c:\Users\Pratik Sanghavi\Desktop\Projects\argus\dataconnect`
 {"metadata":{"emulator":{"name":"dataconnect"},"message":"'fdc build' failed with error: Unable to build your Data Connect schema and connectors (exit code 1): E0204 14:55:45.822027   24740 cmd.go:43] Error loading data connect config: could not find dataconnect.yaml in `c:\\Users\\Pratik Sanghavi\\Desktop\\Projects\\argus\\dataconnect`\n"}}
[debug] [2025-02-04T20:55:45.827Z] Ignoring unsupported arg: auto_download {"metadata":{"emulator":{"name":"dataconnect"},"message":"Ignoring unsupported arg: auto_download"}}
[debug] [2025-02-04T20:55:45.828Z] Ignoring unsupported arg: port {"metadata":{"emulator":{"name":"dataconnect"},"message":"Ignoring unsupported arg: port"}}
[debug] [2025-02-04T20:55:45.828Z] Starting Data Connect Emulator with command {"binary":"C:\\Users\\Pratik Sanghavi\\.cache\\firebase\\emulators\\dataconnect-emulator-1.7.7.exe","args":["--logtostderr","-v=2","dev","--listen=localhost:50001","--config_dir=c:\\Users\\Pratik Sanghavi\\Desktop\\Projects\\argus\\dataconnect","--enable_output_schema_extensions=true","--enable_output_generated_sdk=true"],"optionalArgs":["listen","config_dir","enable_output_schema_extensions","enable_output_generated_sdk"],"joinArgs":true,"shell":false,"port":9399} {"metadata":{"emulator":{"name":"dataconnect"},"message":"Starting Data Connect Emulator with command {\"binary\":\"C:\\\\Users\\\\Pratik Sanghavi\\\\.cache\\\\firebase\\\\emulators\\\\dataconnect-emulator-1.7.7.exe\",\"args\":[\"--logtostderr\",\"-v=2\",\"dev\",\"--listen=localhost:50001\",\"--config_dir=c:\\\\Users\\\\Pratik Sanghavi\\\\Desktop\\\\Projects\\\\argus\\\\dataconnect\",\"--enable_output_schema_extensions=true\",\"--enable_output_generated_sdk=true\"],\"optionalArgs\":[\"listen\",\"config_dir\",\"enable_output_schema_extensions\",\"enable_output_generated_sdk\"],\"joinArgs\":true,\"shell\":false,\"port\":9399}"}}
[info] i  dataconnect: Data Connect Emulator logging to dataconnect-debug.log {"metadata":{"emulator":{"name":"dataconnect"},"message":"Data Connect Emulator logging to \u001b[1mdataconnect-debug.log\u001b[22m"}}
[debug] [2025-02-04T20:55:45.861Z] E0204 14:55:45.861238   10344 load.go:23] Could not load config from "c:\\Users\\Pratik Sanghavi\\Desktop\\Projects\\argus\\dataconnect": could not find dataconnect.yaml in `c:\Users\Pratik Sanghavi\Desktop\Projects\argus\dataconnect`
 {"metadata":{"emulator":{"name":"dataconnect"},"message":"E0204 14:55:45.861238   10344 load.go:23] Could not load config from \"c:\\\\Users\\\\Pratik Sanghavi\\\\Desktop\\\\Projects\\\\argus\\\\dataconnect\": could not find dataconnect.yaml in `c:\\Users\\Pratik Sanghavi\\Desktop\\Projects\\argus\\dataconnect`\n"}}
[debug] [2025-02-04T20:55:45.863Z] E0204 14:55:45.862340   10344 watch.go:76] watchAllDir unable to walk dir `c:\Users\Pratik Sanghavi\Desktop\Projects\argus\dataconnect`: on path "c:\\Users\\Pratik Sanghavi\\Desktop\\Projects\\argus\\dataconnect" (DirEntry: <nil>): CreateFile c:\Users\Pratik Sanghavi\Desktop\Projects\argus\dataconnect: The system cannot find the file specified.
 {"metadata":{"emulator":{"name":"dataconnect"},"message":"E0204 14:55:45.862340   10344 watch.go:76] watchAllDir unable to walk dir `c:\\Users\\Pratik Sanghavi\\Desktop\\Projects\\argus\\dataconnect`: on path \"c:\\\\Users\\\\Pratik Sanghavi\\\\Desktop\\\\Projects\\\\argus\\\\dataconnect\" (DirEntry: <nil>): CreateFile c:\\Users\\Pratik Sanghavi\\Desktop\\Projects\\argus\\dataconnect: The system cannot find the file specified.\n"}}
[debug] [2025-02-04T20:55:45.874Z] I0204 14:55:45.874528   10344 dev.go:95] Listening on address (HTTP + gRPC): 127.0.0.1:50001
 {"metadata":{"emulator":{"name":"dataconnect"},"message":"I0204 14:55:45.874528   10344 dev.go:95] Listening on address (HTTP + gRPC): 127.0.0.1:50001\n"}}
[error] [Firebase Plugin] error:  {}
[debug] [2025-02-04T20:55:55.866Z] E0204 14:55:55.866171   10344 load.go:23] Could not load config from "c:\\Users\\Pratik Sanghavi\\Desktop\\Projects\\argus\\dataconnect": could not find dataconnect.yaml in `c:\Users\Pratik Sanghavi\Desktop\Projects\argus\dataconnect`
 {"metadata":{"emulator":{"name":"dataconnect"},"message":"E0204 14:55:55.866171   10344 load.go:23] Could not load config from \"c:\\\\Users\\\\Pratik Sanghavi\\\\Desktop\\\\Projects\\\\argus\\\\dataconnect\": could not find dataconnect.yaml in `c:\\Users\\Pratik Sanghavi\\Desktop\\Projects\\argus\\dataconnect`\n"}}
[debug] [2025-02-04T20:56:05.874Z] E0204 14:56:05.874268   10344 load.go:23] Could not load config from "c:\\Users\\Pratik Sanghavi\\Desktop\\Projects\\argus\\dataconnect": could not find dataconnect.yaml in `c:\Users\Pratik Sanghavi\Desktop\Projects\argus\dataconnect`
 {"metadata":{"emulator":{"name":"dataconnect"},"message":"E0204 14:56:05.874268   10344 load.go:23] Could not load config from \"c:\\\\Users\\\\Pratik Sanghavi\\\\Desktop\\\\Projects\\\\argus\\\\dataconnect\": could not find dataconnect.yaml in `c:\\Users\\Pratik Sanghavi\\Desktop\\Projects\\argus\\dataconnect`\n"}}
[debug] [2025-02-04T20:56:15.863Z] E0204 14:56:15.863539   10344 load.go:23] Could not load config from "c:\\Users\\Pratik Sanghavi\\Desktop\\Projects\\argus\\dataconnect": could not find dataconnect.yaml in `c:\Users\Pratik Sanghavi\Desktop\Projects\argus\dataconnect`
 {"metadata":{"emulator":{"name":"dataconnect"},"message":"E0204 14:56:15.863539   10344 load.go:23] Could not load config from \"c:\\\\Users\\\\Pratik Sanghavi\\\\Desktop\\\\Projects\\\\argus\\\\dataconnect\": could not find dataconnect.yaml in `c:\\Users\\Pratik Sanghavi\\Desktop\\Projects\\argus\\dataconnect`\n"}}
[debug] [2025-02-04T20:56:25.874Z] E0204 14:56:25.874649   10344 load.go:23] Could not load config from "c:\\Users\\Pratik Sanghavi\\Desktop\\Projects\\argus\\dataconnect": could not find dataconnect.yaml in `c:\Users\Pratik Sanghavi\Desktop\Projects\argus\dataconnect`
 {"metadata":{"emulator":{"name":"dataconnect"},"message":"E0204 14:56:25.874649   10344 load.go:23] Could not load config from \"c:\\\\Users\\\\Pratik Sanghavi\\\\Desktop\\\\Projects\\\\argus\\\\dataconnect\": could not find dataconnect.yaml in `c:\\Users\\Pratik Sanghavi\\Desktop\\Projects\\argus\\dataconnect`\n"}}
[debug] [2025-02-04T20:56:35.868Z] E0204 14:56:35.868195   10344 load.go:23] Could not load config from "c:\\Users\\Pratik Sanghavi\\Desktop\\Projects\\argus\\dataconnect": could not find dataconnect.yaml in `c:\Users\Pratik Sanghavi\Desktop\Projects\argus\dataconnect`
 {"metadata":{"emulator":{"name":"dataconnect"},"message":"E0204 14:56:35.868195   10344 load.go:23] Could not load config from \"c:\\\\Users\\\\Pratik Sanghavi\\\\Desktop\\\\Projects\\\\argus\\\\dataconnect\": could not find dataconnect.yaml in `c:\\Users\\Pratik Sanghavi\\Desktop\\Projects\\argus\\dataconnect`\n"}}
[debug] [2025-02-04T20:56:45.867Z] E0204 14:56:45.867807   10344 load.go:23] Could not load config from "c:\\Users\\Pratik Sanghavi\\Desktop\\Projects\\argus\\dataconnect": could not find dataconnect.yaml in `c:\Users\Pratik Sanghavi\Desktop\Projects\argus\dataconnect`
 {"metadata":{"emulator":{"name":"dataconnect"},"message":"E0204 14:56:45.867807   10344 load.go:23] Could not load config from \"c:\\\\Users\\\\Pratik Sanghavi\\\\Desktop\\\\Projects\\\\argus\\\\dataconnect\": could not find dataconnect.yaml in `c:\\Users\\Pratik Sanghavi\\Desktop\\Projects\\argus\\dataconnect`\n"}}
[debug] [2025-02-04T20:56:55.878Z] E0204 14:56:55.878083   10344 load.go:23] Could not load config from "c:\\Users\\Pratik Sanghavi\\Desktop\\Projects\\argus\\dataconnect": could not find dataconnect.yaml in `c:\Users\Pratik Sanghavi\Desktop\Projects\argus\dataconnect`
 {"metadata":{"emulator":{"name":"dataconnect"},"message":"E0204 14:56:55.878083   10344 load.go:23] Could not load config from \"c:\\\\Users\\\\Pratik Sanghavi\\\\Desktop\\\\Projects\\\\argus\\\\dataconnect\": could not find dataconnect.yaml in `c:\\Users\\Pratik Sanghavi\\Desktop\\Projects\\argus\\dataconnect`\n"}}
[debug] [2025-02-04T20:57:05.869Z] E0204 14:57:05.868723   10344 load.go:23] Could not load config from "c:\\Users\\Pratik Sanghavi\\Desktop\\Projects\\argus\\dataconnect": could not find dataconnect.yaml in `c:\Users\Pratik Sanghavi\Desktop\Projects\argus\dataconnect`
 {"metadata":{"emulator":{"name":"dataconnect"},"message":"E0204 14:57:05.868723   10344 load.go:23] Could not load config from \"c:\\\\Users\\\\Pratik Sanghavi\\\\Desktop\\\\Projects\\\\argus\\\\dataconnect\": could not find dataconnect.yaml in `c:\\Users\\Pratik Sanghavi\\Desktop\\Projects\\argus\\dataconnect`\n"}}
[debug] [2025-02-04T20:57:15.874Z] E0204 14:57:15.874096   10344 load.go:23] Could not load config from "c:\\Users\\Pratik Sanghavi\\Desktop\\Projects\\argus\\dataconnect": could not find dataconnect.yaml in `c:\Users\Pratik Sanghavi\Desktop\Projects\argus\dataconnect`
 {"metadata":{"emulator":{"name":"dataconnect"},"message":"E0204 14:57:15.874096   10344 load.go:23] Could not load config from \"c:\\\\Users\\\\Pratik Sanghavi\\\\Desktop\\\\Projects\\\\argus\\\\dataconnect\": could not find dataconnect.yaml in `c:\\Users\\Pratik Sanghavi\\Desktop\\Projects\\argus\\dataconnect`\n"}}
[debug] [2025-02-04T20:57:25.864Z] E0204 14:57:25.864599   10344 load.go:23] Could not load config from "c:\\Users\\Pratik Sanghavi\\Desktop\\Projects\\argus\\dataconnect": could not find dataconnect.yaml in `c:\Users\Pratik Sanghavi\Desktop\Projects\argus\dataconnect`
 {"metadata":{"emulator":{"name":"dataconnect"},"message":"E0204 14:57:25.864599   10344 load.go:23] Could not load config from \"c:\\\\Users\\\\Pratik Sanghavi\\\\Desktop\\\\Projects\\\\argus\\\\dataconnect\": could not find dataconnect.yaml in `c:\\Users\\Pratik Sanghavi\\Desktop\\Projects\\argus\\dataconnect`\n"}}
[info] [Firebase Plugin] Stopping Data Connect toolkit
[warn] !  Data Connect Emulator has exited upon receiving signal: SIGINT 
